[0306/085919.443:ERROR:process_reader_win.cc(123)] NtOpenThread: {Отказ доступа} Процесс запросил доступ к объекту, однако права доступа не предоставлены. (0xc0000022)
[0306/085919.844:ERROR:exception_snapshot_win.cc(98)] thread ID 5436 not found in process
[0306/085919.891:ERROR:process_reader_win.cc(123)] NtOpenThread: {Отказ доступа} Процесс запросил доступ к объекту, однако права доступа не предоставлены. (0xc0000022)
[0306/085919.891:ERROR:exception_snapshot_win.cc(98)] thread ID 6516 not found in process
[0306/085919.922:ERROR:process_reader_win.cc(123)] NtOpenThread: {Отказ доступа} Процесс запросил доступ к объекту, однако права доступа не предоставлены. (0xc0000022)
[0306/085919.922:ERROR:exception_snapshot_win.cc(98)] thread ID 1300 not found in process
[0306/085919.964:ERROR:process_reader_win.cc(123)] NtOpenThread: {Отказ доступа} Процесс запросил доступ к объекту, однако права доступа не предоставлены. (0xc0000022)
[0306/085919.965:ERROR:exception_snapshot_win.cc(98)] thread ID 1404 not found in process
[0306/085921.275:ERROR:process_reader_win.cc(123)] NtOpenThread: {Отказ доступа} Процесс запросил доступ к объекту, однако права доступа не предоставлены. (0xc0000022)
[0306/085921.275:ERROR:exception_snapshot_win.cc(98)] thread ID 5424 not found in process
[0306/090010.177:ERROR:process_reader_win.cc(151)] SuspendThread: Отказано в доступе. (0x5)
[0306/090010.180:ERROR:process_reader_win.cc(123)] NtOpenThread: {Отказ доступа} Процесс запросил доступ к объекту, однако права доступа не предоставлены. (0xc0000022)
[0306/090010.180:ERROR:exception_snapshot_win.cc(98)] thread ID 6896 not found in process
[0306/090010.201:ERROR:process_reader_win.cc(151)] SuspendThread: Отказано в доступе. (0x5)
[0306/090010.202:ERROR:process_reader_win.cc(151)] SuspendThread: Отказано в доступе. (0x5)
[0306/090010.202:ERROR:process_reader_win.cc(151)] SuspendThread: Отказано в доступе. (0x5)
[0306/090010.202:ERROR:process_reader_win.cc(151)] SuspendThread: Отказано в доступе. (0x5)
[0306/090010.202:ERROR:process_reader_win.cc(123)] NtOpenThread: {Отказ доступа} Процесс запросил доступ к объекту, однако права доступа не предоставлены. (0xc0000022)
[0306/090010.202:ERROR:exception_snapshot_win.cc(98)] thread ID 6848 not found in process
[0306/090010.225:ERROR:process_reader_win.cc(123)] NtOpenThread: {Отказ доступа} Процесс запросил доступ к объекту, однако права доступа не предоставлены. (0xc0000022)
[0306/090010.225:ERROR:exception_snapshot_win.cc(98)] thread ID 7064 not found in process
[0306/090010.288:ERROR:process_reader_win.cc(123)] NtOpenThread: {Отказ доступа} Процесс запросил доступ к объекту, однако права доступа не предоставлены. (0xc0000022)
[0306/090010.288:ERROR:exception_snapshot_win.cc(98)] thread ID 6672 not found in process
[0306/090010.344:ERROR:process_reader_win.cc(123)] NtOpenThread: {Отказ доступа} Процесс запросил доступ к объекту, однако права доступа не предоставлены. (0xc0000022)
[0306/090010.344:ERROR:exception_snapshot_win.cc(98)] thread ID 2312 not found in process
[0306/090010.431:ERROR:process_reader_win.cc(123)] NtOpenThread: {Отказ доступа} Процесс запросил доступ к объекту, однако права доступа не предоставлены. (0xc0000022)
[0306/090010.431:ERROR:exception_snapshot_win.cc(98)] thread ID 6544 not found in process
[0306/090051.847:ERROR:process_reader_win.cc(123)] NtOpenThread: {Отказ доступа} Процесс запросил доступ к объекту, однако права доступа не предоставлены. (0xc0000022)
[0306/090051.848:ERROR:exception_snapshot_win.cc(98)] thread ID 6068 not found in process
[0306/090051.883:ERROR:process_reader_win.cc(123)] NtOpenThread: {Отказ доступа} Процесс запросил доступ к объекту, однако права доступа не предоставлены. (0xc0000022)
[0306/090051.883:ERROR:exception_snapshot_win.cc(98)] thread ID 4076 not found in process
[0306/090051.931:ERROR:process_reader_win.cc(123)] NtOpenThread: {Отказ доступа} Процесс запросил доступ к объекту, однако права доступа не предоставлены. (0xc0000022)
[0306/090051.931:ERROR:exception_snapshot_win.cc(98)] thread ID 6324 not found in process
[0306/090051.966:ERROR:process_reader_win.cc(123)] NtOpenThread: {Отказ доступа} Процесс запросил доступ к объекту, однако права доступа не предоставлены. (0xc0000022)
[0306/090051.988:ERROR:exception_snapshot_win.cc(98)] thread ID 2032 not found in process
[0306/090052.040:ERROR:process_reader_win.cc(123)] NtOpenThread: {Отказ доступа} Процесс запросил доступ к объекту, однако права доступа не предоставлены. (0xc0000022)
[0306/090052.040:ERROR:exception_snapshot_win.cc(98)] thread ID 5708 not found in process
[0306/090402.959:ERROR:process_reader_win.cc(151)] SuspendThread: Отказано в доступе. (0x5)
[0306/090402.960:ERROR:process_reader_win.cc(151)] SuspendThread: Отказано в доступе. (0x5)
[0306/090402.960:ERROR:process_reader_win.cc(151)] SuspendThread: Отказано в доступе. (0x5)
[0306/090402.960:ERROR:process_reader_win.cc(151)] SuspendThread: Отказано в доступе. (0x5)
[0306/090402.960:ERROR:process_reader_win.cc(151)] SuspendThread: Отказано в доступе. (0x5)
[0306/090402.960:ERROR:process_reader_win.cc(151)] SuspendThread: Отказано в доступе. (0x5)
[0306/090402.960:ERROR:process_reader_win.cc(123)] NtOpenThread: {Отказ доступа} Процесс запросил доступ к объекту, однако права доступа не предоставлены. (0xc0000022)
[0306/090402.961:ERROR:exception_snapshot_win.cc(98)] thread ID 6432 not found in process
[0306/090402.983:ERROR:process_reader_win.cc(123)] NtOpenThread: {Отказ доступа} Процесс запросил доступ к объекту, однако права доступа не предоставлены. (0xc0000022)
[0306/090402.983:ERROR:exception_snapshot_win.cc(98)] thread ID 5360 not found in process
[0306/090403.012:ERROR:process_reader_win.cc(123)] NtOpenThread: {Отказ доступа} Процесс запросил доступ к объекту, однако права доступа не предоставлены. (0xc0000022)
[0306/090403.012:ERROR:exception_snapshot_win.cc(98)] thread ID 6700 not found in process
[0306/090403.035:ERROR:process_reader_win.cc(151)] SuspendThread: Отказано в доступе. (0x5)
[0306/090403.035:ERROR:process_reader_win.cc(151)] SuspendThread: Отказано в доступе. (0x5)
[0306/090403.035:ERROR:process_reader_win.cc(123)] NtOpenThread: {Отказ доступа} Процесс запросил доступ к объекту, однако права доступа не предоставлены. (0xc0000022)
[0306/090403.035:ERROR:exception_snapshot_win.cc(98)] thread ID 2608 not found in process
[0306/090403.057:ERROR:process_reader_win.cc(123)] NtOpenThread: {Отказ доступа} Процесс запросил доступ к объекту, однако права доступа не предоставлены. (0xc0000022)
[0306/090403.057:ERROR:exception_snapshot_win.cc(98)] thread ID 7016 not found in process
[0306/090633.381:ERROR:process_reader_win.cc(123)] NtOpenThread: {Отказ доступа} Процесс запросил доступ к объекту, однако права доступа не предоставлены. (0xc0000022)
[0306/090633.382:ERROR:exception_snapshot_win.cc(98)] thread ID 5128 not found in process
[0306/090633.409:ERROR:process_reader_win.cc(123)] NtOpenThread: {Отказ доступа} Процесс запросил доступ к объекту, однако права доступа не предоставлены. (0xc0000022)
[0306/090633.409:ERROR:exception_snapshot_win.cc(98)] thread ID 2024 not found in process
[0306/090633.463:ERROR:process_reader_win.cc(123)] NtOpenThread: {Отказ доступа} Процесс запросил доступ к объекту, однако права доступа не предоставлены. (0xc0000022)
[0306/090633.463:ERROR:exception_snapshot_win.cc(98)] thread ID 7172 not found in process
[0306/090633.512:ERROR:process_reader_win.cc(123)] NtOpenThread: {Отказ доступа} Процесс запросил доступ к объекту, однако права доступа не предоставлены. (0xc0000022)
[0306/090633.512:ERROR:exception_snapshot_win.cc(98)] thread ID 7212 not found in process
[0306/090633.561:ERROR:process_reader_win.cc(123)] NtOpenThread: {Отказ доступа} Процесс запросил доступ к объекту, однако права доступа не предоставлены. (0xc0000022)
[0306/090633.562:ERROR:exception_snapshot_win.cc(98)] thread ID 7388 not found in process
[0306/090709.950:ERROR:process_reader_win.cc(123)] NtOpenThread: {Отказ доступа} Процесс запросил доступ к объекту, однако права доступа не предоставлены. (0xc0000022)
[0306/090709.950:ERROR:exception_snapshot_win.cc(98)] thread ID 6816 not found in process
[0306/090709.973:ERROR:process_reader_win.cc(151)] SuspendThread: Отказано в доступе. (0x5)
[0306/090709.974:ERROR:process_reader_win.cc(151)] SuspendThread: Отказано в доступе. (0x5)
[0306/090709.974:ERROR:process_reader_win.cc(151)] SuspendThread: Отказано в доступе. (0x5)
[0306/090709.974:ERROR:process_reader_win.cc(151)] SuspendThread: Отказано в доступе. (0x5)
[0306/090709.974:ERROR:process_reader_win.cc(151)] SuspendThread: Отказано в доступе. (0x5)
[0306/090709.974:ERROR:process_reader_win.cc(151)] SuspendThread: Отказано в доступе. (0x5)
[0306/090709.974:ERROR:process_reader_win.cc(151)] SuspendThread: Отказано в доступе. (0x5)
[0306/090709.974:ERROR:process_reader_win.cc(123)] NtOpenThread: {Отказ доступа} Процесс запросил доступ к объекту, однако права доступа не предоставлены. (0xc0000022)
[0306/090709.975:ERROR:exception_snapshot_win.cc(98)] thread ID 1292 not found in process
[0306/090710.004:ERROR:process_reader_win.cc(123)] NtOpenThread: {Отказ доступа} Процесс запросил доступ к объекту, однако права доступа не предоставлены. (0xc0000022)
[0306/090710.004:ERROR:exception_snapshot_win.cc(98)] thread ID 4572 not found in process
[0306/090710.101:ERROR:process_reader_win.cc(123)] NtOpenThread: {Отказ доступа} Процесс запросил доступ к объекту, однако права доступа не предоставлены. (0xc0000022)
[0306/090710.101:ERROR:exception_snapshot_win.cc(98)] thread ID 2692 not found in process
[0306/090710.160:ERROR:process_reader_win.cc(123)] NtOpenThread: {Отказ доступа} Процесс запросил доступ к объекту, однако права доступа не предоставлены. (0xc0000022)
[0306/090710.160:ERROR:exception_snapshot_win.cc(98)] thread ID 7180 not found in process
[0306/090710.212:ERROR:process_reader_win.cc(123)] NtOpenThread: {Отказ доступа} Процесс запросил доступ к объекту, однако права доступа не предоставлены. (0xc0000022)
[0306/090710.212:ERROR:exception_snapshot_win.cc(98)] thread ID 7976 not found in process
[0306/091526.235:ERROR:process_reader_win.cc(123)] NtOpenThread: {Отказ доступа} Процесс запросил доступ к объекту, однако права доступа не предоставлены. (0xc0000022)
[0306/091526.236:ERROR:exception_snapshot_win.cc(98)] thread ID 6800 not found in process
[0306/091526.260:ERROR:process_reader_win.cc(151)] SuspendThread: Отказано в доступе. (0x5)
[0306/091526.261:ERROR:process_reader_win.cc(151)] SuspendThread: Отказано в доступе. (0x5)
[0306/091526.261:ERROR:process_reader_win.cc(151)] SuspendThread: Отказано в доступе. (0x5)
[0306/091526.261:ERROR:process_reader_win.cc(151)] SuspendThread: Отказано в доступе. (0x5)
[0306/091526.261:ERROR:process_reader_win.cc(151)] SuspendThread: Отказано в доступе. (0x5)
[0306/091526.261:ERROR:process_reader_win.cc(151)] SuspendThread: Отказано в доступе. (0x5)
[0306/091526.261:ERROR:process_reader_win.cc(151)] SuspendThread: Отказано в доступе. (0x5)
[0306/091526.261:ERROR:process_reader_win.cc(123)] NtOpenThread: {Отказ доступа} Процесс запросил доступ к объекту, однако права доступа не предоставлены. (0xc0000022)
[0306/091526.261:ERROR:exception_snapshot_win.cc(98)] thread ID 7820 not found in process
[0306/091526.318:ERROR:process_reader_win.cc(151)] SuspendThread: Отказано в доступе. (0x5)
[0306/091526.318:ERROR:process_reader_win.cc(123)] NtOpenThread: {Отказ доступа} Процесс запросил доступ к объекту, однако права доступа не предоставлены. (0xc0000022)
[0306/091526.318:ERROR:exception_snapshot_win.cc(98)] thread ID 7812 not found in process
[0306/091526.338:ERROR:process_reader_win.cc(151)] SuspendThread: Отказано в доступе. (0x5)
[0306/091526.338:ERROR:process_reader_win.cc(123)] NtOpenThread: {Отказ доступа} Процесс запросил доступ к объекту, однако права доступа не предоставлены. (0xc0000022)
[0306/091526.338:ERROR:exception_snapshot_win.cc(98)] thread ID 6652 not found in process
[0306/091526.376:ERROR:process_reader_win.cc(123)] NtOpenThread: {Отказ доступа} Процесс запросил доступ к объекту, однако права доступа не предоставлены. (0xc0000022)
[0306/091526.377:ERROR:exception_snapshot_win.cc(98)] thread ID 4252 not found in process
[0306/091526.454:ERROR:process_reader_win.cc(123)] NtOpenThread: {Отказ доступа} Процесс запросил доступ к объекту, однако права доступа не предоставлены. (0xc0000022)
[0306/091526.454:ERROR:exception_snapshot_win.cc(98)] thread ID 7636 not found in process
[0306/091628.691:ERROR:process_reader_win.cc(123)] NtOpenThread: {Отказ доступа} Процесс запросил доступ к объекту, однако права доступа не предоставлены. (0xc0000022)
[0306/091628.692:ERROR:exception_snapshot_win.cc(98)] thread ID 7304 not found in process
[0306/091628.716:ERROR:process_reader_win.cc(123)] NtOpenThread: {Отказ доступа} Процесс запросил доступ к объекту, однако права доступа не предоставлены. (0xc0000022)
[0306/091628.716:ERROR:exception_snapshot_win.cc(98)] thread ID 7312 not found in process
[0306/091628.756:ERROR:process_reader_win.cc(123)] NtOpenThread: {Отказ доступа} Процесс запросил доступ к объекту, однако права доступа не предоставлены. (0xc0000022)
[0306/091628.756:ERROR:exception_snapshot_win.cc(98)] thread ID 1948 not found in process
[0306/091628.824:ERROR:process_reader_win.cc(123)] NtOpenThread: {Отказ доступа} Процесс запросил доступ к объекту, однако права доступа не предоставлены. (0xc0000022)
[0306/091628.824:ERROR:exception_snapshot_win.cc(98)] thread ID 7800 not found in process
[0306/091628.869:ERROR:process_reader_win.cc(123)] NtOpenThread: {Отказ доступа} Процесс запросил доступ к объекту, однако права доступа не предоставлены. (0xc0000022)
[0306/091628.869:ERROR:exception_snapshot_win.cc(98)] thread ID 4688 not found in process
[0306/092011.124:ERROR:process_reader_win.cc(123)] NtOpenThread: {Отказ доступа} Процесс запросил доступ к объекту, однако права доступа не предоставлены. (0xc0000022)
[0306/092011.125:ERROR:exception_snapshot_win.cc(98)] thread ID 1412 not found in process
[0306/092011.226:ERROR:process_reader_win.cc(123)] NtOpenThread: {Отказ доступа} Процесс запросил доступ к объекту, однако права доступа не предоставлены. (0xc0000022)
[0306/092011.226:ERROR:exception_snapshot_win.cc(98)] thread ID 7392 not found in process
[0306/092027.953:ERROR:process_reader_win.cc(123)] NtOpenThread: {Отказ доступа} Процесс запросил доступ к объекту, однако права доступа не предоставлены. (0xc0000022)
[0306/092027.954:ERROR:exception_snapshot_win.cc(98)] thread ID 6344 not found in process
[0306/092027.979:ERROR:process_reader_win.cc(123)] NtOpenThread: {Отказ доступа} Процесс запросил доступ к объекту, однако права доступа не предоставлены. (0xc0000022)
[0306/092027.979:ERROR:exception_snapshot_win.cc(98)] thread ID 2264 not found in process
[0306/092028.031:ERROR:process_reader_win.cc(123)] NtOpenThread: {Отказ доступа} Процесс запросил доступ к объекту, однако права доступа не предоставлены. (0xc0000022)
[0306/092028.031:ERROR:exception_snapshot_win.cc(98)] thread ID 5252 not found in process
[0306/092028.081:ERROR:process_reader_win.cc(123)] NtOpenThread: {Отказ доступа} Процесс запросил доступ к объекту, однако права доступа не предоставлены. (0xc0000022)
[0306/092028.082:ERROR:exception_snapshot_win.cc(98)] thread ID 6824 not found in process
[0306/092028.120:ERROR:process_reader_win.cc(123)] NtOpenThread: {Отказ доступа} Процесс запросил доступ к объекту, однако права доступа не предоставлены. (0xc0000022)
[0306/092028.120:ERROR:exception_snapshot_win.cc(98)] thread ID 2384 not found in process
[0306/092056.272:ERROR:process_reader_win.cc(123)] NtOpenThread: {Отказ доступа} Процесс запросил доступ к объекту, однако права доступа не предоставлены. (0xc0000022)
[0306/092056.272:ERROR:exception_snapshot_win.cc(98)] thread ID 7076 not found in process
[0306/092056.303:ERROR:process_reader_win.cc(151)] SuspendThread: Отказано в доступе. (0x5)
[0306/092056.303:ERROR:process_reader_win.cc(151)] SuspendThread: Отказано в доступе. (0x5)
[0306/092056.303:ERROR:process_reader_win.cc(151)] SuspendThread: Отказано в доступе. (0x5)
[0306/092056.303:ERROR:process_reader_win.cc(151)] SuspendThread: Отказано в доступе. (0x5)
[0306/092056.303:ERROR:process_reader_win.cc(151)] SuspendThread: Отказано в доступе. (0x5)
[0306/092056.303:ERROR:process_reader_win.cc(151)] SuspendThread: Отказано в доступе. (0x5)
[0306/092056.304:ERROR:process_reader_win.cc(151)] SuspendThread: Отказано в доступе. (0x5)
[0306/092056.304:ERROR:process_reader_win.cc(151)] SuspendThread: Отказано в доступе. (0x5)
[0306/092056.304:ERROR:process_reader_win.cc(151)] SuspendThread: Отказано в доступе. (0x5)
[0306/092056.304:ERROR:process_reader_win.cc(151)] SuspendThread: Отказано в доступе. (0x5)
[0306/092056.304:ERROR:process_reader_win.cc(151)] SuspendThread: Отказано в доступе. (0x5)
[0306/092056.304:ERROR:process_reader_win.cc(151)] SuspendThread: Отказано в доступе. (0x5)
[0306/092056.304:ERROR:process_reader_win.cc(151)] SuspendThread: Отказано в доступе. (0x5)
[0306/092056.304:ERROR:process_reader_win.cc(123)] NtOpenThread: {Отказ доступа} Процесс запросил доступ к объекту, однако права доступа не предоставлены. (0xc0000022)
[0306/092056.304:ERROR:exception_snapshot_win.cc(98)] thread ID 1088 not found in process
[0306/092056.335:ERROR:process_reader_win.cc(123)] NtOpenThread: {Отказ доступа} Процесс запросил доступ к объекту, однако права доступа не предоставлены. (0xc0000022)
[0306/092056.335:ERROR:exception_snapshot_win.cc(98)] thread ID 6912 not found in process
[0306/092056.440:ERROR:process_reader_win.cc(123)] NtOpenThread: {Отказ доступа} Процесс запросил доступ к объекту, однако права доступа не предоставлены. (0xc0000022)
[0306/092056.440:ERROR:exception_snapshot_win.cc(98)] thread ID 2604 not found in process
[0306/092056.472:ERROR:process_reader_win.cc(123)] NtOpenThread: {Отказ доступа} Процесс запросил доступ к объекту, однако права доступа не предоставлены. (0xc0000022)
[0306/092056.472:ERROR:exception_snapshot_win.cc(98)] thread ID 6520 not found in process
[0306/092056.508:ERROR:process_reader_win.cc(123)] NtOpenThread: {Отказ доступа} Процесс запросил доступ к объекту, однако права доступа не предоставлены. (0xc0000022)
[0306/092056.508:ERROR:exception_snapshot_win.cc(98)] thread ID 4156 not found in process
[0306/092133.227:ERROR:process_reader_win.cc(123)] NtOpenThread: {Отказ доступа} Процесс запросил доступ к объекту, однако права доступа не предоставлены. (0xc0000022)
[0306/092133.227:ERROR:exception_snapshot_win.cc(98)] thread ID 8076 not found in process
[0306/092133.252:ERROR:process_reader_win.cc(123)] NtOpenThread: {Отказ доступа} Процесс запросил доступ к объекту, однако права доступа не предоставлены. (0xc0000022)
[0306/092133.252:ERROR:exception_snapshot_win.cc(98)] thread ID 7984 not found in process
[0306/092133.301:ERROR:process_reader_win.cc(123)] NtOpenThread: {Отказ доступа} Процесс запросил доступ к объекту, однако права доступа не предоставлены. (0xc0000022)
[0306/092133.301:ERROR:exception_snapshot_win.cc(98)] thread ID 8112 not found in process
[0306/092133.332:ERROR:process_reader_win.cc(123)] NtOpenThread: {Отказ доступа} Процесс запросил доступ к объекту, однако права доступа не предоставлены. (0xc0000022)
[0306/092133.332:ERROR:exception_snapshot_win.cc(98)] thread ID 6044 not found in process
[0306/092133.409:ERROR:process_reader_win.cc(123)] NtOpenThread: {Отказ доступа} Процесс запросил доступ к объекту, однако права доступа не предоставлены. (0xc0000022)
[0306/092133.409:ERROR:exception_snapshot_win.cc(98)] thread ID 3812 not found in process
[0306/092241.248:ERROR:process_reader_win.cc(123)] NtOpenThread: {Отказ доступа} Процесс запросил доступ к объекту, однако права доступа не предоставлены. (0xc0000022)
[0306/092241.249:ERROR:exception_snapshot_win.cc(98)] thread ID 7392 not found in process
[0306/092241.274:ERROR:process_reader_win.cc(151)] SuspendThread: Отказано в доступе. (0x5)
[0306/092241.275:ERROR:process_reader_win.cc(151)] SuspendThread: Отказано в доступе. (0x5)
[0306/092241.275:ERROR:process_reader_win.cc(151)] SuspendThread: Отказано в доступе. (0x5)
[0306/092241.275:ERROR:process_reader_win.cc(151)] SuspendThread: Отказано в доступе. (0x5)
[0306/092241.275:ERROR:process_reader_win.cc(151)] SuspendThread: Отказано в доступе. (0x5)
[0306/092241.275:ERROR:process_reader_win.cc(151)] SuspendThread: Отказано в доступе. (0x5)
[0306/092241.275:ERROR:process_reader_win.cc(123)] NtOpenThread: {Отказ доступа} Процесс запросил доступ к объекту, однако права доступа не предоставлены. (0xc0000022)
[0306/092241.275:ERROR:exception_snapshot_win.cc(98)] thread ID 7972 not found in process
[0306/092241.319:ERROR:process_reader_win.cc(123)] NtOpenThread: {Отказ доступа} Процесс запросил доступ к объекту, однако права доступа не предоставлены. (0xc0000022)
[0306/092241.319:ERROR:exception_snapshot_win.cc(98)] thread ID 3884 not found in process
[0306/092241.394:ERROR:process_reader_win.cc(123)] NtOpenThread: {Отказ доступа} Процесс запросил доступ к объекту, однако права доступа не предоставлены. (0xc0000022)
[0306/092241.394:ERROR:exception_snapshot_win.cc(98)] thread ID 4380 not found in process
[0306/092241.437:ERROR:process_reader_win.cc(123)] NtOpenThread: {Отказ доступа} Процесс запросил доступ к объекту, однако права доступа не предоставлены. (0xc0000022)
[0306/092241.437:ERROR:exception_snapshot_win.cc(98)] thread ID 4104 not found in process
[0306/092241.501:ERROR:process_reader_win.cc(123)] NtOpenThread: {Отказ доступа} Процесс запросил доступ к объекту, однако права доступа не предоставлены. (0xc0000022)
[0306/092241.501:ERROR:exception_snapshot_win.cc(98)] thread ID 7304 not found in process
[0306/092402.202:ERROR:process_reader_win.cc(123)] NtOpenThread: {Отказ доступа} Процесс запросил доступ к объекту, однако права доступа не предоставлены. (0xc0000022)
[0306/092402.203:ERROR:exception_snapshot_win.cc(98)] thread ID 1352 not found in process
[0306/092402.257:ERROR:process_reader_win.cc(123)] NtOpenThread: {Отказ доступа} Процесс запросил доступ к объекту, однако права доступа не предоставлены. (0xc0000022)
[0306/092402.257:ERROR:exception_snapshot_win.cc(98)] thread ID 2032 not found in process
[0306/092402.333:ERROR:process_reader_win.cc(151)] SuspendThread: Отказано в доступе. (0x5)
[0306/092402.333:ERROR:process_reader_win.cc(151)] SuspendThread: Отказано в доступе. (0x5)
[0306/092402.333:ERROR:process_reader_win.cc(123)] NtOpenThread: {Отказ доступа} Процесс запросил доступ к объекту, однако права доступа не предоставлены. (0xc0000022)
[0306/092402.334:ERROR:exception_snapshot_win.cc(98)] thread ID 7184 not found in process
[0306/092402.369:ERROR:process_reader_win.cc(123)] NtOpenThread: {Отказ доступа} Процесс запросил доступ к объекту, однако права доступа не предоставлены. (0xc0000022)
[0306/092402.369:ERROR:exception_snapshot_win.cc(98)] thread ID 5480 not found in process
[0306/092402.417:ERROR:process_reader_win.cc(123)] NtOpenThread: {Отказ доступа} Процесс запросил доступ к объекту, однако права доступа не предоставлены. (0xc0000022)
[0306/092402.417:ERROR:exception_snapshot_win.cc(98)] thread ID 1528 not found in process
[0306/092402.465:ERROR:process_reader_win.cc(123)] NtOpenThread: {Отказ доступа} Процесс запросил доступ к объекту, однако права доступа не предоставлены. (0xc0000022)
[0306/092402.466:ERROR:exception_snapshot_win.cc(98)] thread ID 7892 not found in process
[0306/092831.087:ERROR:process_reader_win.cc(123)] NtOpenThread: {Отказ доступа} Процесс запросил доступ к объекту, однако права доступа не предоставлены. (0xc0000022)
[0306/092831.088:ERROR:exception_snapshot_win.cc(98)] thread ID 5932 not found in process
[0306/092831.119:ERROR:process_reader_win.cc(123)] NtOpenThread: {Отказ доступа} Процесс запросил доступ к объекту, однако права доступа не предоставлены. (0xc0000022)
[0306/092831.119:ERROR:exception_snapshot_win.cc(98)] thread ID 6924 not found in process
[0306/092831.182:ERROR:process_reader_win.cc(151)] SuspendThread: Отказано в доступе. (0x5)
[0306/092831.183:ERROR:process_reader_win.cc(123)] NtOpenThread: {Отказ доступа} Процесс запросил доступ к объекту, однако права доступа не предоставлены. (0xc0000022)
[0306/092831.183:ERROR:exception_snapshot_win.cc(98)] thread ID 7480 not found in process
[0306/092831.219:ERROR:process_reader_win.cc(123)] NtOpenThread: {Отказ доступа} Процесс запросил доступ к объекту, однако права доступа не предоставлены. (0xc0000022)
[0306/092831.220:ERROR:exception_snapshot_win.cc(98)] thread ID 5488 not found in process
[0306/092831.310:ERROR:process_reader_win.cc(123)] NtOpenThread: {Отказ доступа} Процесс запросил доступ к объекту, однако права доступа не предоставлены. (0xc0000022)
[0306/092831.310:ERROR:exception_snapshot_win.cc(98)] thread ID 676 not found in process
[0306/093132.435:ERROR:process_reader_win.cc(123)] NtOpenThread: {Отказ доступа} Процесс запросил доступ к объекту, однако права доступа не предоставлены. (0xc0000022)
[0306/093132.436:ERROR:exception_snapshot_win.cc(98)] thread ID 4796 not found in process
[0306/093132.459:ERROR:process_reader_win.cc(123)] NtOpenThread: {Отказ доступа} Процесс запросил доступ к объекту, однако права доступа не предоставлены. (0xc0000022)
[0306/093132.459:ERROR:exception_snapshot_win.cc(98)] thread ID 2244 not found in process
[0306/093132.498:ERROR:process_reader_win.cc(123)] NtOpenThread: {Отказ доступа} Процесс запросил доступ к объекту, однако права доступа не предоставлены. (0xc0000022)
[0306/093132.498:ERROR:exception_snapshot_win.cc(98)] thread ID 7812 not found in process
[0306/093132.565:ERROR:process_reader_win.cc(123)] NtOpenThread: {Отказ доступа} Процесс запросил доступ к объекту, однако права доступа не предоставлены. (0xc0000022)
[0306/093132.565:ERROR:exception_snapshot_win.cc(98)] thread ID 7336 not found in process
[0306/093132.637:ERROR:process_reader_win.cc(123)] NtOpenThread: {Отказ доступа} Процесс запросил доступ к объекту, однако права доступа не предоставлены. (0xc0000022)
[0306/093132.637:ERROR:exception_snapshot_win.cc(98)] thread ID 892 not found in process
[0306/094001.841:ERROR:process_reader_win.cc(123)] NtOpenThread: {Отказ доступа} Процесс запросил доступ к объекту, однако права доступа не предоставлены. (0xc0000022)
[0306/094001.842:ERROR:exception_snapshot_win.cc(98)] thread ID 6788 not found in process
[0306/094001.876:ERROR:process_reader_win.cc(123)] NtOpenThread: {Отказ доступа} Процесс запросил доступ к объекту, однако права доступа не предоставлены. (0xc0000022)
[0306/094001.877:ERROR:exception_snapshot_win.cc(98)] thread ID 3784 not found in process
[0306/094001.922:ERROR:process_reader_win.cc(123)] NtOpenThread: {Отказ доступа} Процесс запросил доступ к объекту, однако права доступа не предоставлены. (0xc0000022)
[0306/094001.922:ERROR:exception_snapshot_win.cc(98)] thread ID 4348 not found in process
[0306/094001.968:ERROR:process_reader_win.cc(123)] NtOpenThread: {Отказ доступа} Процесс запросил доступ к объекту, однако права доступа не предоставлены. (0xc0000022)
[0306/094001.969:ERROR:exception_snapshot_win.cc(98)] thread ID 6256 not found in process
[0306/094002.009:ERROR:process_reader_win.cc(123)] NtOpenThread: {Отказ доступа} Процесс запросил доступ к объекту, однако права доступа не предоставлены. (0xc0000022)
[0306/094002.009:ERROR:exception_snapshot_win.cc(98)] thread ID 8112 not found in process
[0306/094124.348:ERROR:process_reader_win.cc(123)] NtOpenThread: {Отказ доступа} Процесс запросил доступ к объекту, однако права доступа не предоставлены. (0xc0000022)
[0306/094124.349:ERROR:exception_snapshot_win.cc(98)] thread ID 6572 not found in process
[0306/094124.381:ERROR:process_reader_win.cc(151)] SuspendThread: Отказано в доступе. (0x5)
[0306/094124.381:ERROR:process_reader_win.cc(151)] SuspendThread: Отказано в доступе. (0x5)
[0306/094124.381:ERROR:process_reader_win.cc(151)] SuspendThread: Отказано в доступе. (0x5)
[0306/094124.382:ERROR:process_reader_win.cc(151)] SuspendThread: Отказано в доступе. (0x5)
[0306/094124.382:ERROR:process_reader_win.cc(151)] SuspendThread: Отказано в доступе. (0x5)
[0306/094124.382:ERROR:process_reader_win.cc(151)] SuspendThread: Отказано в доступе. (0x5)
[0306/094124.382:ERROR:process_reader_win.cc(151)] SuspendThread: Отказано в доступе. (0x5)
[0306/094124.382:ERROR:process_reader_win.cc(151)] SuspendThread: Отказано в доступе. (0x5)
[0306/094124.382:ERROR:process_reader_win.cc(151)] SuspendThread: Отказано в доступе. (0x5)
[0306/094124.382:ERROR:process_reader_win.cc(151)] SuspendThread: Отказано в доступе. (0x5)
[0306/094124.382:ERROR:process_reader_win.cc(151)] SuspendThread: Отказано в доступе. (0x5)
[0306/094124.382:ERROR:process_reader_win.cc(151)] SuspendThread: Отказано в доступе. (0x5)
[0306/094124.382:ERROR:process_reader_win.cc(151)] SuspendThread: Отказано в доступе. (0x5)
[0306/094124.382:ERROR:process_reader_win.cc(123)] NtOpenThread: {Отказ доступа} Процесс запросил доступ к объекту, однако права доступа не предоставлены. (0xc0000022)
[0306/094124.382:ERROR:exception_snapshot_win.cc(98)] thread ID 6344 not found in process
[0306/094124.401:ERROR:process_memory_win.cc(73)] ReadMemory at 0x77a50000 of 64 bytes failed: Запрос ReadProcessMemory или WriteProcessMemory был выполнен только частично. (0x12B)
[0306/094124.401:WARNING:pe_image_reader.cc(340)] could not read dos header from C:\Windows\SYSTEM32\ntdll.dll
[0306/094124.401:ERROR:process_memory_win.cc(73)] ReadMemory at 0x77a50000 of 64 bytes failed: Запрос ReadProcessMemory или WriteProcessMemory был выполнен только частично. (0x12B)
[0306/094124.401:WARNING:pe_image_reader.cc(340)] could not read dos header from C:\Windows\SYSTEM32\ntdll.dll
[0306/094124.401:ERROR:process_memory_win.cc(73)] ReadMemory at 0x77930000 of 64 bytes failed: Запрос ReadProcessMemory или WriteProcessMemory был выполнен только частично. (0x12B)
[0306/094124.401:WARNING:pe_image_reader.cc(340)] could not read dos header from C:\Windows\system32\kernel32.dll
[0306/094124.401:ERROR:process_memory_win.cc(73)] ReadMemory at 0x77930000 of 64 bytes failed: Запрос ReadProcessMemory или WriteProcessMemory был выполнен только частично. (0x12B)
[0306/094124.401:WARNING:pe_image_reader.cc(340)] could not read dos header from C:\Windows\system32\kernel32.dll
[0306/094124.401:ERROR:process_memory_win.cc(73)] ReadMemory at 0x7fefd8f0000 of 64 bytes failed: Запрос ReadProcessMemory или WriteProcessMemory был выполнен только частично. (0x12B)
[0306/094124.401:WARNING:pe_image_reader.cc(340)] could not read dos header from C:\Windows\system32\KERNELBASE.dll
[0306/094124.401:ERROR:process_memory_win.cc(73)] ReadMemory at 0x7fefd8f0000 of 64 bytes failed: Запрос ReadProcessMemory или WriteProcessMemory был выполнен только частично. (0x12B)
[0306/094124.401:WARNING:pe_image_reader.cc(340)] could not read dos header from C:\Windows\system32\KERNELBASE.dll
[0306/094124.407:ERROR:process_memory_win.cc(73)] ReadMemory at 0x77a50000 of 64 bytes failed: Запрос ReadProcessMemory или WriteProcessMemory был выполнен только частично. (0x12B)
[0306/094124.407:WARNING:pe_image_reader.cc(340)] could not read dos header from C:\Windows\SYSTEM32\ntdll.dll
[0306/094124.407:ERROR:process_memory_win.cc(73)] ReadMemory at 0x77930000 of 64 bytes failed: Запрос ReadProcessMemory или WriteProcessMemory был выполнен только частично. (0x12B)
[0306/094124.407:WARNING:pe_image_reader.cc(340)] could not read dos header from C:\Windows\system32\kernel32.dll
[0306/094124.407:ERROR:process_memory_win.cc(73)] ReadMemory at 0x7fefd8f0000 of 64 bytes failed: Запрос ReadProcessMemory или WriteProcessMemory был выполнен только частично. (0x12B)
[0306/094124.407:WARNING:pe_image_reader.cc(340)] could not read dos header from C:\Windows\system32\KERNELBASE.dll
[0306/094124.409:ERROR:process_memory_win.cc(73)] ReadMemory at 0x77a50000 of 64 bytes failed: Запрос ReadProcessMemory или WriteProcessMemory был выполнен только частично. (0x12B)
[0306/094124.409:WARNING:pe_image_reader.cc(340)] could not read dos header from C:\Windows\SYSTEM32\ntdll.dll
[0306/094124.409:ERROR:process_memory_win.cc(73)] ReadMemory at 0x77a50000 of 64 bytes failed: Запрос ReadProcessMemory или WriteProcessMemory был выполнен только частично. (0x12B)
[0306/094124.409:WARNING:pe_image_reader.cc(340)] could not read dos header from C:\Windows\SYSTEM32\ntdll.dll
[0306/094124.409:ERROR:process_memory_win.cc(73)] ReadMemory at 0x77930000 of 64 bytes failed: Запрос ReadProcessMemory или WriteProcessMemory был выполнен только частично. (0x12B)
[0306/094124.409:WARNING:pe_image_reader.cc(340)] could not read dos header from C:\Windows\system32\kernel32.dll
[0306/094124.409:ERROR:process_memory_win.cc(73)] ReadMemory at 0x77930000 of 64 bytes failed: Запрос ReadProcessMemory или WriteProcessMemory был выполнен только частично. (0x12B)
[0306/094124.409:WARNING:pe_image_reader.cc(340)] could not read dos header from C:\Windows\system32\kernel32.dll
[0306/094124.409:ERROR:process_memory_win.cc(73)] ReadMemory at 0x7fefd8f0000 of 64 bytes failed: Запрос ReadProcessMemory или WriteProcessMemory был выполнен только частично. (0x12B)
[0306/094124.409:WARNING:pe_image_reader.cc(340)] could not read dos header from C:\Windows\system32\KERNELBASE.dll
[0306/094124.409:ERROR:process_memory_win.cc(73)] ReadMemory at 0x7fefd8f0000 of 64 bytes failed: Запрос ReadProcessMemory или WriteProcessMemory был выполнен только частично. (0x12B)
[0306/094124.409:WARNING:pe_image_reader.cc(340)] could not read dos header from C:\Windows\system32\KERNELBASE.dll
[0306/094124.417:ERROR:process_reader_win.cc(123)] NtOpenThread: {Отказ доступа} Процесс запросил доступ к объекту, однако права доступа не предоставлены. (0xc0000022)
[0306/094124.417:ERROR:exception_snapshot_win.cc(98)] thread ID 3644 not found in process
[0306/094124.592:ERROR:process_memory_win.cc(73)] ReadMemory at 0x77a50000 of 64 bytes failed: Запрос ReadProcessMemory или WriteProcessMemory был выполнен только частично. (0x12B)
[0306/094124.592:WARNING:pe_image_reader.cc(340)] could not read dos header from C:\Windows\SYSTEM32\ntdll.dll
[0306/094124.592:ERROR:process_memory_win.cc(73)] ReadMemory at 0x77930000 of 64 bytes failed: Запрос ReadProcessMemory или WriteProcessMemory был выполнен только частично. (0x12B)
[0306/094124.592:WARNING:pe_image_reader.cc(340)] could not read dos header from C:\Windows\system32\kernel32.dll
[0306/094124.592:ERROR:process_memory_win.cc(73)] ReadMemory at 0x7fefd8f0000 of 64 bytes failed: Запрос ReadProcessMemory или WriteProcessMemory был выполнен только частично. (0x12B)
[0306/094124.592:WARNING:pe_image_reader.cc(340)] could not read dos header from C:\Windows\system32\KERNELBASE.dll
[0306/094124.592:ERROR:process_memory_win.cc(73)] ReadMemory at 0x77a50000 of 64 bytes failed: Запрос ReadProcessMemory или WriteProcessMemory был выполнен только частично. (0x12B)
[0306/094124.592:WARNING:pe_image_reader.cc(340)] could not read dos header from C:\Windows\SYSTEM32\ntdll.dll
[0306/094124.592:ERROR:process_memory_win.cc(73)] ReadMemory at 0x77930000 of 64 bytes failed: Запрос ReadProcessMemory или WriteProcessMemory был выполнен только частично. (0x12B)
[0306/094124.592:WARNING:pe_image_reader.cc(340)] could not read dos header from C:\Windows\system32\kernel32.dll
[0306/094124.592:ERROR:process_memory_win.cc(73)] ReadMemory at 0x7fefd8f0000 of 64 bytes failed: Запрос ReadProcessMemory или WriteProcessMemory был выполнен только частично. (0x12B)
[0306/094124.592:WARNING:pe_image_reader.cc(340)] could not read dos header from C:\Windows\system32\KERNELBASE.dll
[0306/094124.608:ERROR:process_reader_win.cc(151)] SuspendThread: Отказано в доступе. (0x5)
[0306/094124.608:ERROR:process_reader_win.cc(151)] SuspendThread: Отказано в доступе. (0x5)
[0306/094124.608:ERROR:process_reader_win.cc(123)] NtOpenThread: {Отказ доступа} Процесс запросил доступ к объекту, однако права доступа не предоставлены. (0xc0000022)
[0306/094124.608:ERROR:exception_snapshot_win.cc(98)] thread ID 3768 not found in process
[0306/094124.625:ERROR:process_reader_win.cc(123)] NtOpenThread: {Отказ доступа} Процесс запросил доступ к объекту, однако права доступа не предоставлены. (0xc0000022)
[0306/094124.625:ERROR:exception_snapshot_win.cc(98)] thread ID 4156 not found in process
[0306/094124.661:ERROR:process_reader_win.cc(123)] NtOpenThread: {Отказ доступа} Процесс запросил доступ к объекту, однако права доступа не предоставлены. (0xc0000022)
[0306/094124.661:ERROR:exception_snapshot_win.cc(98)] thread ID 8108 not found in process
[0306/094211.369:ERROR:process_reader_win.cc(123)] NtOpenThread: {Отказ доступа} Процесс запросил доступ к объекту, однако права доступа не предоставлены. (0xc0000022)
[0306/094211.370:ERROR:exception_snapshot_win.cc(98)] thread ID 2236 not found in process
[0306/094211.408:ERROR:process_reader_win.cc(123)] NtOpenThread: {Отказ доступа} Процесс запросил доступ к объекту, однако права доступа не предоставлены. (0xc0000022)
[0306/094211.408:ERROR:exception_snapshot_win.cc(98)] thread ID 7976 not found in process
[0306/094211.446:ERROR:process_reader_win.cc(123)] NtOpenThread: {Отказ доступа} Процесс запросил доступ к объекту, однако права доступа не предоставлены. (0xc0000022)
[0306/094211.446:ERROR:exception_snapshot_win.cc(98)] thread ID 7676 not found in process
[0306/094211.479:ERROR:process_reader_win.cc(123)] NtOpenThread: {Отказ доступа} Процесс запросил доступ к объекту, однако права доступа не предоставлены. (0xc0000022)
[0306/094211.479:ERROR:exception_snapshot_win.cc(98)] thread ID 5968 not found in process
[0306/094211.546:ERROR:process_reader_win.cc(123)] NtOpenThread: {Отказ доступа} Процесс запросил доступ к объекту, однако права доступа не предоставлены. (0xc0000022)
[0306/094211.547:ERROR:exception_snapshot_win.cc(98)] thread ID 8152 not found in process
[0306/094242.826:ERROR:process_reader_win.cc(123)] NtOpenThread: {Отказ доступа} Процесс запросил доступ к объекту, однако права доступа не предоставлены. (0xc0000022)
[0306/094242.827:ERROR:exception_snapshot_win.cc(98)] thread ID 1428 not found in process
[0306/094242.850:ERROR:process_reader_win.cc(123)] NtOpenThread: {Отказ доступа} Процесс запросил доступ к объекту, однако права доступа не предоставлены. (0xc0000022)
[0306/094242.850:ERROR:exception_snapshot_win.cc(98)] thread ID 7912 not found in process
[0306/094242.894:ERROR:process_reader_win.cc(123)] NtOpenThread: {Отказ доступа} Процесс запросил доступ к объекту, однако права доступа не предоставлены. (0xc0000022)
[0306/094242.894:ERROR:exception_snapshot_win.cc(98)] thread ID 7564 not found in process
[0306/094242.947:ERROR:process_reader_win.cc(123)] NtOpenThread: {Отказ доступа} Процесс запросил доступ к объекту, однако права доступа не предоставлены. (0xc0000022)
[0306/094242.948:ERROR:exception_snapshot_win.cc(98)] thread ID 7916 not found in process
[0306/094243.000:ERROR:process_reader_win.cc(123)] NtOpenThread: {Отказ доступа} Процесс запросил доступ к объекту, однако права доступа не предоставлены. (0xc0000022)
[0306/094243.000:ERROR:exception_snapshot_win.cc(98)] thread ID 7696 not found in process
[0306/095259.630:ERROR:process_reader_win.cc(123)] NtOpenThread: {Отказ доступа} Процесс запросил доступ к объекту, однако права доступа не предоставлены. (0xc0000022)
[0306/095259.631:ERROR:exception_snapshot_win.cc(98)] thread ID 7456 not found in process
[0306/095259.660:ERROR:process_reader_win.cc(151)] SuspendThread: Отказано в доступе. (0x5)
[0306/095259.661:ERROR:process_reader_win.cc(151)] SuspendThread: Отказано в доступе. (0x5)
[0306/095259.661:ERROR:process_reader_win.cc(151)] SuspendThread: Отказано в доступе. (0x5)
[0306/095259.661:ERROR:process_reader_win.cc(151)] SuspendThread: Отказано в доступе. (0x5)
[0306/095259.661:ERROR:process_reader_win.cc(151)] SuspendThread: Отказано в доступе. (0x5)
[0306/095259.661:ERROR:process_reader_win.cc(151)] SuspendThread: Отказано в доступе. (0x5)
[0306/095259.661:ERROR:process_reader_win.cc(151)] SuspendThread: Отказано в доступе. (0x5)
[0306/095259.661:ERROR:process_reader_win.cc(123)] NtOpenThread: {Отказ доступа} Процесс запросил доступ к объекту, однако права доступа не предоставлены. (0xc0000022)
[0306/095259.661:ERROR:exception_snapshot_win.cc(98)] thread ID 2344 not found in process
[0306/095259.722:ERROR:process_reader_win.cc(123)] NtOpenThread: {Отказ доступа} Процесс запросил доступ к объекту, однако права доступа не предоставлены. (0xc0000022)
[0306/095259.722:ERROR:exception_snapshot_win.cc(98)] thread ID 7872 not found in process
[0306/095259.795:ERROR:process_reader_win.cc(123)] NtOpenThread: {Отказ доступа} Процесс запросил доступ к объекту, однако права доступа не предоставлены. (0xc0000022)
[0306/095259.795:ERROR:exception_snapshot_win.cc(98)] thread ID 4644 not found in process
[0306/095259.853:ERROR:process_reader_win.cc(123)] NtOpenThread: {Отказ доступа} Процесс запросил доступ к объекту, однако права доступа не предоставлены. (0xc0000022)
[0306/095259.853:ERROR:exception_snapshot_win.cc(98)] thread ID 7724 not found in process
[0306/095259.901:ERROR:process_reader_win.cc(123)] NtOpenThread: {Отказ доступа} Процесс запросил доступ к объекту, однако права доступа не предоставлены. (0xc0000022)
[0306/095259.901:ERROR:exception_snapshot_win.cc(98)] thread ID 7528 not found in process
[0306/095319.987:ERROR:process_reader_win.cc(123)] NtOpenThread: {Отказ доступа} Процесс запросил доступ к объекту, однако права доступа не предоставлены. (0xc0000022)
[0306/095319.988:ERROR:exception_snapshot_win.cc(98)] thread ID 3684 not found in process
[0306/095320.019:ERROR:process_reader_win.cc(123)] NtOpenThread: {Отказ доступа} Процесс запросил доступ к объекту, однако права доступа не предоставлены. (0xc0000022)
[0306/095320.020:ERROR:exception_snapshot_win.cc(98)] thread ID 7912 not found in process
[0306/095320.170:ERROR:process_reader_win.cc(123)] NtOpenThread: {Отказ доступа} Процесс запросил доступ к объекту, однако права доступа не предоставлены. (0xc0000022)
[0306/095320.170:ERROR:exception_snapshot_win.cc(98)] thread ID 8000 not found in process
[0306/095320.237:ERROR:process_reader_win.cc(123)] NtOpenThread: {Отказ доступа} Процесс запросил доступ к объекту, однако права доступа не предоставлены. (0xc0000022)
[0306/095320.237:ERROR:exception_snapshot_win.cc(98)] thread ID 1368 not found in process
[0306/095320.295:ERROR:process_reader_win.cc(123)] NtOpenThread: {Отказ доступа} Процесс запросил доступ к объекту, однако права доступа не предоставлены. (0xc0000022)
[0306/095320.295:ERROR:exception_snapshot_win.cc(98)] thread ID 7272 not found in process
[0306/095320.399:ERROR:process_reader_win.cc(123)] NtOpenThread: {Отказ доступа} Процесс запросил доступ к объекту, однако права доступа не предоставлены. (0xc0000022)
[0306/095320.399:ERROR:exception_snapshot_win.cc(98)] thread ID 7128 not found in process
[0306/095357.719:ERROR:process_reader_win.cc(123)] NtOpenThread: {Отказ доступа} Процесс запросил доступ к объекту, однако права доступа не предоставлены. (0xc0000022)
[0306/095357.720:ERROR:exception_snapshot_win.cc(98)] thread ID 6204 not found in process
[0306/095357.756:ERROR:process_reader_win.cc(123)] NtOpenThread: {Отказ доступа} Процесс запросил доступ к объекту, однако права доступа не предоставлены. (0xc0000022)
[0306/095357.756:ERROR:exception_snapshot_win.cc(98)] thread ID 6784 not found in process
[0306/095357.807:ERROR:process_reader_win.cc(123)] NtOpenThread: {Отказ доступа} Процесс запросил доступ к объекту, однако права доступа не предоставлены. (0xc0000022)
[0306/095357.807:ERROR:exception_snapshot_win.cc(98)] thread ID 7600 not found in process
[0306/095357.845:ERROR:process_reader_win.cc(123)] NtOpenThread: {Отказ доступа} Процесс запросил доступ к объекту, однако права доступа не предоставлены. (0xc0000022)
[0306/095357.845:ERROR:exception_snapshot_win.cc(98)] thread ID 5644 not found in process
[0306/095357.877:ERROR:process_reader_win.cc(123)] NtOpenThread: {Отказ доступа} Процесс запросил доступ к объекту, однако права доступа не предоставлены. (0xc0000022)
[0306/095357.877:ERROR:exception_snapshot_win.cc(98)] thread ID 7420 not found in process
[0306/095538.087:ERROR:process_reader_win.cc(123)] NtOpenThread: {Отказ доступа} Процесс запросил доступ к объекту, однако права доступа не предоставлены. (0xc0000022)
[0306/095538.088:ERROR:exception_snapshot_win.cc(98)] thread ID 6664 not found in process
[0306/095538.119:ERROR:process_reader_win.cc(123)] NtOpenThread: {Отказ доступа} Процесс запросил доступ к объекту, однако права доступа не предоставлены. (0xc0000022)
[0306/095538.119:ERROR:exception_snapshot_win.cc(98)] thread ID 7400 not found in process
[0306/095538.165:ERROR:process_reader_win.cc(151)] SuspendThread: Отказано в доступе. (0x5)
[0306/095538.165:ERROR:process_reader_win.cc(123)] NtOpenThread: {Отказ доступа} Процесс запросил доступ к объекту, однако права доступа не предоставлены. (0xc0000022)
[0306/095538.165:ERROR:exception_snapshot_win.cc(98)] thread ID 7472 not found in process
[0306/095538.187:ERROR:process_reader_win.cc(123)] NtOpenThread: {Отказ доступа} Процесс запросил доступ к объекту, однако права доступа не предоставлены. (0xc0000022)
[0306/095538.187:ERROR:exception_snapshot_win.cc(98)] thread ID 7384 not found in process
[0306/095538.247:ERROR:process_reader_win.cc(123)] NtOpenThread: {Отказ доступа} Процесс запросил доступ к объекту, однако права доступа не предоставлены. (0xc0000022)
[0306/095538.248:ERROR:exception_snapshot_win.cc(98)] thread ID 7880 not found in process
[0306/100501.648:ERROR:process_reader_win.cc(123)] NtOpenThread: {Отказ доступа} Процесс запросил доступ к объекту, однако права доступа не предоставлены. (0xc0000022)
[0306/100501.649:ERROR:exception_snapshot_win.cc(98)] thread ID 1168 not found in process
[0306/100501.694:ERROR:process_reader_win.cc(151)] SuspendThread: Отказано в доступе. (0x5)
[0306/100501.694:ERROR:process_reader_win.cc(151)] SuspendThread: Отказано в доступе. (0x5)
[0306/100501.694:ERROR:process_reader_win.cc(151)] SuspendThread: Отказано в доступе. (0x5)
[0306/100501.694:ERROR:process_reader_win.cc(151)] SuspendThread: Отказано в доступе. (0x5)
[0306/100501.694:ERROR:process_reader_win.cc(151)] SuspendThread: Отказано в доступе. (0x5)
[0306/100501.695:ERROR:process_reader_win.cc(151)] SuspendThread: Отказано в доступе. (0x5)
[0306/100501.695:ERROR:process_reader_win.cc(151)] SuspendThread: Отказано в доступе. (0x5)
[0306/100501.695:ERROR:process_reader_win.cc(123)] NtOpenThread: {Отказ доступа} Процесс запросил доступ к объекту, однако права доступа не предоставлены. (0xc0000022)
[0306/100501.695:ERROR:exception_snapshot_win.cc(98)] thread ID 7380 not found in process
[0306/100501.719:ERROR:process_reader_win.cc(123)] NtOpenThread: {Отказ доступа} Процесс запросил доступ к объекту, однако права доступа не предоставлены. (0xc0000022)
[0306/100501.719:ERROR:exception_snapshot_win.cc(98)] thread ID 2544 not found in process
[0306/100501.753:ERROR:process_reader_win.cc(123)] NtOpenThread: {Отказ доступа} Процесс запросил доступ к объекту, однако права доступа не предоставлены. (0xc0000022)
[0306/100501.753:ERROR:exception_snapshot_win.cc(98)] thread ID 7540 not found in process
[0306/100501.833:ERROR:process_reader_win.cc(123)] NtOpenThread: {Отказ доступа} Процесс запросил доступ к объекту, однако права доступа не предоставлены. (0xc0000022)
[0306/100501.833:ERROR:exception_snapshot_win.cc(98)] thread ID 3812 not found in process
[0306/100501.878:ERROR:process_reader_win.cc(123)] NtOpenThread: {Отказ доступа} Процесс запросил доступ к объекту, однако права доступа не предоставлены. (0xc0000022)
[0306/100501.878:ERROR:exception_snapshot_win.cc(98)] thread ID 7368 not found in process
[0306/100816.076:ERROR:process_reader_win.cc(123)] NtOpenThread: {Отказ доступа} Процесс запросил доступ к объекту, однако права доступа не предоставлены. (0xc0000022)
[0306/100816.077:ERROR:exception_snapshot_win.cc(98)] thread ID 7544 not found in process
[0306/100816.104:ERROR:process_reader_win.cc(123)] NtOpenThread: {Отказ доступа} Процесс запросил доступ к объекту, однако права доступа не предоставлены. (0xc0000022)
[0306/100816.105:ERROR:exception_snapshot_win.cc(98)] thread ID 8080 not found in process
[0306/100816.150:ERROR:process_reader_win.cc(123)] NtOpenThread: {Отказ доступа} Процесс запросил доступ к объекту, однако права доступа не предоставлены. (0xc0000022)
[0306/100816.150:ERROR:exception_snapshot_win.cc(98)] thread ID 6580 not found in process
[0306/100816.192:ERROR:process_reader_win.cc(123)] NtOpenThread: {Отказ доступа} Процесс запросил доступ к объекту, однако права доступа не предоставлены. (0xc0000022)
[0306/100816.192:ERROR:exception_snapshot_win.cc(98)] thread ID 3972 not found in process
[0306/100816.220:ERROR:process_reader_win.cc(151)] SuspendThread: Отказано в доступе. (0x5)
[0306/100816.221:ERROR:process_reader_win.cc(123)] NtOpenThread: {Отказ доступа} Процесс запросил доступ к объекту, однако права доступа не предоставлены. (0xc0000022)
[0306/100816.221:ERROR:exception_snapshot_win.cc(98)] thread ID 7840 not found in process
[0306/101013.101:ERROR:process_reader_win.cc(123)] NtOpenThread: {Отказ доступа} Процесс запросил доступ к объекту, однако права доступа не предоставлены. (0xc0000022)
[0306/101013.102:ERROR:exception_snapshot_win.cc(98)] thread ID 5344 not found in process
[0306/101013.245:ERROR:process_reader_win.cc(123)] NtOpenThread: {Отказ доступа} Процесс запросил доступ к объекту, однако права доступа не предоставлены. (0xc0000022)
[0306/101013.245:ERROR:exception_snapshot_win.cc(98)] thread ID 7592 not found in process
[0306/101013.269:ERROR:process_reader_win.cc(123)] NtOpenThread: {Отказ доступа} Процесс запросил доступ к объекту, однако права доступа не предоставлены. (0xc0000022)
[0306/101013.269:ERROR:exception_snapshot_win.cc(98)] thread ID 3156 not found in process
[0306/101013.315:ERROR:process_reader_win.cc(123)] NtOpenThread: {Отказ доступа} Процесс запросил доступ к объекту, однако права доступа не предоставлены. (0xc0000022)
[0306/101013.316:ERROR:exception_snapshot_win.cc(98)] thread ID 7424 not found in process
[0306/101013.342:ERROR:process_reader_win.cc(123)] NtOpenThread: {Отказ доступа} Процесс запросил доступ к объекту, однако права доступа не предоставлены. (0xc0000022)
[0306/101013.343:ERROR:exception_snapshot_win.cc(98)] thread ID 7248 not found in process
[0306/101013.376:ERROR:process_reader_win.cc(123)] NtOpenThread: {Отказ доступа} Процесс запросил доступ к объекту, однако права доступа не предоставлены. (0xc0000022)
[0306/101013.376:ERROR:exception_snapshot_win.cc(98)] thread ID 4948 not found in process
[0306/101132.095:ERROR:process_reader_win.cc(123)] NtOpenThread: {Отказ доступа} Процесс запросил доступ к объекту, однако права доступа не предоставлены. (0xc0000022)
[0306/101132.096:ERROR:exception_snapshot_win.cc(98)] thread ID 6824 not found in process
[0306/101132.127:ERROR:process_reader_win.cc(123)] NtOpenThread: {Отказ доступа} Процесс запросил доступ к объекту, однако права доступа не предоставлены. (0xc0000022)
[0306/101132.127:ERROR:exception_snapshot_win.cc(98)] thread ID 7916 not found in process
[0306/101132.168:ERROR:process_reader_win.cc(151)] SuspendThread: Отказано в доступе. (0x5)
[0306/101132.169:ERROR:process_reader_win.cc(123)] NtOpenThread: {Отказ доступа} Процесс запросил доступ к объекту, однако права доступа не предоставлены. (0xc0000022)
[0306/101132.169:ERROR:exception_snapshot_win.cc(98)] thread ID 868 not found in process
[0306/101132.205:ERROR:process_reader_win.cc(123)] NtOpenThread: {Отказ доступа} Процесс запросил доступ к объекту, однако права доступа не предоставлены. (0xc0000022)
[0306/101132.206:ERROR:exception_snapshot_win.cc(98)] thread ID 7448 not found in process
[0306/101132.264:ERROR:process_reader_win.cc(123)] NtOpenThread: {Отказ доступа} Процесс запросил доступ к объекту, однако права доступа не предоставлены. (0xc0000022)
[0306/101132.265:ERROR:exception_snapshot_win.cc(98)] thread ID 4384 not found in process
[0306/102003.466:ERROR:process_reader_win.cc(123)] NtOpenThread: {Отказ доступа} Процесс запросил доступ к объекту, однако права доступа не предоставлены. (0xc0000022)
[0306/102003.467:ERROR:exception_snapshot_win.cc(98)] thread ID 6248 not found in process
[0306/102003.497:ERROR:process_reader_win.cc(123)] NtOpenThread: {Отказ доступа} Процесс запросил доступ к объекту, однако права доступа не предоставлены. (0xc0000022)
[0306/102003.497:ERROR:exception_snapshot_win.cc(98)] thread ID 2404 not found in process
[0306/102003.522:ERROR:process_reader_win.cc(123)] NtOpenThread: {Отказ доступа} Процесс запросил доступ к объекту, однако права доступа не предоставлены. (0xc0000022)
[0306/102003.522:ERROR:exception_snapshot_win.cc(98)] thread ID 5700 not found in process
[0306/102003.543:ERROR:process_reader_win.cc(151)] SuspendThread: Отказано в доступе. (0x5)
[0306/102003.543:ERROR:process_reader_win.cc(123)] NtOpenThread: {Отказ доступа} Процесс запросил доступ к объекту, однако права доступа не предоставлены. (0xc0000022)
[0306/102003.543:ERROR:exception_snapshot_win.cc(98)] thread ID 5936 not found in process
[0306/102003.566:ERROR:process_reader_win.cc(123)] NtOpenThread: {Отказ доступа} Процесс запросил доступ к объекту, однако права доступа не предоставлены. (0xc0000022)
[0306/102003.566:ERROR:exception_snapshot_win.cc(98)] thread ID 6840 not found in process
[0306/102121.442:ERROR:process_reader_win.cc(123)] NtOpenThread: {Отказ доступа} Процесс запросил доступ к объекту, однако права доступа не предоставлены. (0xc0000022)
[0306/102121.443:ERROR:exception_snapshot_win.cc(98)] thread ID 7640 not found in process
[0306/102121.476:ERROR:process_reader_win.cc(123)] NtOpenThread: {Отказ доступа} Процесс запросил доступ к объекту, однако права доступа не предоставлены. (0xc0000022)
[0306/102121.476:ERROR:exception_snapshot_win.cc(98)] thread ID 6284 not found in process
[0306/102121.520:ERROR:process_reader_win.cc(123)] NtOpenThread: {Отказ доступа} Процесс запросил доступ к объекту, однако права доступа не предоставлены. (0xc0000022)
[0306/102121.520:ERROR:exception_snapshot_win.cc(98)] thread ID 6332 not found in process
[0306/102121.544:ERROR:process_reader_win.cc(123)] NtOpenThread: {Отказ доступа} Процесс запросил доступ к объекту, однако права доступа не предоставлены. (0xc0000022)
[0306/102121.545:ERROR:exception_snapshot_win.cc(98)] thread ID 1264 not found in process
[0306/102121.606:ERROR:process_reader_win.cc(123)] NtOpenThread: {Отказ доступа} Процесс запросил доступ к объекту, однако права доступа не предоставлены. (0xc0000022)
[0306/102121.606:ERROR:exception_snapshot_win.cc(98)] thread ID 6536 not found in process
[0306/102758.609:ERROR:process_reader_win.cc(123)] NtOpenThread: {Отказ доступа} Процесс запросил доступ к объекту, однако права доступа не предоставлены. (0xc0000022)
[0306/102758.610:ERROR:exception_snapshot_win.cc(98)] thread ID 6432 not found in process
[0306/102758.637:ERROR:process_reader_win.cc(123)] NtOpenThread: {Отказ доступа} Процесс запросил доступ к объекту, однако права доступа не предоставлены. (0xc0000022)
[0306/102758.638:ERROR:exception_snapshot_win.cc(98)] thread ID 1388 not found in process
[0306/102758.711:ERROR:process_reader_win.cc(151)] SuspendThread: Отказано в доступе. (0x5)
[0306/102758.718:ERROR:process_reader_win.cc(151)] SuspendThread: Отказано в доступе. (0x5)
[0306/102758.718:ERROR:process_reader_win.cc(123)] NtOpenThread: {Отказ доступа} Процесс запросил доступ к объекту, однако права доступа не предоставлены. (0xc0000022)
[0306/102758.719:ERROR:exception_snapshot_win.cc(98)] thread ID 6460 not found in process
[0306/102758.757:ERROR:process_reader_win.cc(123)] NtOpenThread: {Отказ доступа} Процесс запросил доступ к объекту, однако права доступа не предоставлены. (0xc0000022)
[0306/102758.758:ERROR:exception_snapshot_win.cc(98)] thread ID 6948 not found in process
[0306/102830.025:ERROR:process_reader_win.cc(123)] NtOpenThread: {Отказ доступа} Процесс запросил доступ к объекту, однако права доступа не предоставлены. (0xc0000022)
[0306/102830.026:ERROR:exception_snapshot_win.cc(98)] thread ID 6780 not found in process
[0306/102830.051:ERROR:process_reader_win.cc(123)] NtOpenThread: {Отказ доступа} Процесс запросил доступ к объекту, однако права доступа не предоставлены. (0xc0000022)
[0306/102830.052:ERROR:exception_snapshot_win.cc(98)] thread ID 8180 not found in process
[0306/102830.085:ERROR:process_reader_win.cc(151)] SuspendThread: Отказано в доступе. (0x5)
[0306/102830.086:ERROR:process_reader_win.cc(123)] NtOpenThread: {Отказ доступа} Процесс запросил доступ к объекту, однако права доступа не предоставлены. (0xc0000022)
[0306/102830.086:ERROR:exception_snapshot_win.cc(98)] thread ID 7508 not found in process
[0306/102830.108:ERROR:process_reader_win.cc(123)] NtOpenThread: {Отказ доступа} Процесс запросил доступ к объекту, однако права доступа не предоставлены. (0xc0000022)
[0306/102830.109:ERROR:exception_snapshot_win.cc(98)] thread ID 8052 not found in process
[0306/102830.170:ERROR:process_reader_win.cc(123)] NtOpenThread: {Отказ доступа} Процесс запросил доступ к объекту, однако права доступа не предоставлены. (0xc0000022)
[0306/102830.170:ERROR:exception_snapshot_win.cc(98)] thread ID 7864 not found in process
[0306/103328.952:ERROR:process_reader_win.cc(123)] NtOpenThread: {Отказ доступа} Процесс запросил доступ к объекту, однако права доступа не предоставлены. (0xc0000022)
[0306/103328.953:ERROR:exception_snapshot_win.cc(98)] thread ID 6684 not found in process
[0306/103329.021:ERROR:process_reader_win.cc(123)] NtOpenThread: {Отказ доступа} Процесс запросил доступ к объекту, однако права доступа не предоставлены. (0xc0000022)
[0306/103329.021:ERROR:exception_snapshot_win.cc(98)] thread ID 3040 not found in process
[0306/103329.051:ERROR:process_reader_win.cc(123)] NtOpenThread: {Отказ доступа} Процесс запросил доступ к объекту, однако права доступа не предоставлены. (0xc0000022)
[0306/103329.051:ERROR:exception_snapshot_win.cc(98)] thread ID 4512 not found in process
[0306/103329.101:ERROR:process_reader_win.cc(123)] NtOpenThread: {Отказ доступа} Процесс запросил доступ к объекту, однако права доступа не предоставлены. (0xc0000022)
[0306/103329.101:ERROR:exception_snapshot_win.cc(98)] thread ID 7180 not found in process
[0306/103329.136:ERROR:process_reader_win.cc(123)] NtOpenThread: {Отказ доступа} Процесс запросил доступ к объекту, однако права доступа не предоставлены. (0xc0000022)
[0306/103329.136:ERROR:exception_snapshot_win.cc(98)] thread ID 2604 not found in process
[0306/103508.467:ERROR:process_reader_win.cc(123)] NtOpenThread: {Отказ доступа} Процесс запросил доступ к объекту, однако права доступа не предоставлены. (0xc0000022)
[0306/103508.468:ERROR:exception_snapshot_win.cc(98)] thread ID 5468 not found in process
[0306/103508.493:ERROR:process_reader_win.cc(123)] NtOpenThread: {Отказ доступа} Процесс запросил доступ к объекту, однако права доступа не предоставлены. (0xc0000022)
[0306/103508.493:ERROR:exception_snapshot_win.cc(98)] thread ID 7900 not found in process
[0306/103508.534:ERROR:process_reader_win.cc(123)] NtOpenThread: {Отказ доступа} Процесс запросил доступ к объекту, однако права доступа не предоставлены. (0xc0000022)
[0306/103508.534:ERROR:exception_snapshot_win.cc(98)] thread ID 6308 not found in process
[0306/103508.558:ERROR:process_reader_win.cc(123)] NtOpenThread: {Отказ доступа} Процесс запросил доступ к объекту, однако права доступа не предоставлены. (0xc0000022)
[0306/103508.558:ERROR:exception_snapshot_win.cc(98)] thread ID 7660 not found in process
[0306/103508.646:ERROR:process_reader_win.cc(123)] NtOpenThread: {Отказ доступа} Процесс запросил доступ к объекту, однако права доступа не предоставлены. (0xc0000022)
[0306/103508.646:ERROR:exception_snapshot_win.cc(98)] thread ID 7960 not found in process
[0306/103655.140:ERROR:process_reader_win.cc(123)] NtOpenThread: {Отказ доступа} Процесс запросил доступ к объекту, однако права доступа не предоставлены. (0xc0000022)
[0306/103655.141:ERROR:exception_snapshot_win.cc(98)] thread ID 5424 not found in process
[0306/103655.189:ERROR:process_reader_win.cc(123)] NtOpenThread: {Отказ доступа} Процесс запросил доступ к объекту, однако права доступа не предоставлены. (0xc0000022)
[0306/103655.189:ERROR:exception_snapshot_win.cc(98)] thread ID 6800 not found in process
[0306/103655.284:ERROR:process_reader_win.cc(123)] NtOpenThread: {Отказ доступа} Процесс запросил доступ к объекту, однако права доступа не предоставлены. (0xc0000022)
[0306/103655.285:ERROR:exception_snapshot_win.cc(98)] thread ID 7980 not found in process
[0306/103655.386:ERROR:process_reader_win.cc(151)] SuspendThread: Отказано в доступе. (0x5)
[0306/103655.387:ERROR:process_reader_win.cc(123)] NtOpenThread: {Отказ доступа} Процесс запросил доступ к объекту, однако права доступа не предоставлены. (0xc0000022)
[0306/103655.387:ERROR:exception_snapshot_win.cc(98)] thread ID 2236 not found in process
[0306/103655.424:ERROR:process_reader_win.cc(123)] NtOpenThread: {Отказ доступа} Процесс запросил доступ к объекту, однако права доступа не предоставлены. (0xc0000022)
[0306/103655.424:ERROR:exception_snapshot_win.cc(98)] thread ID 5988 not found in process
[0306/104030.701:ERROR:process_reader_win.cc(123)] NtOpenThread: {Отказ доступа} Процесс запросил доступ к объекту, однако права доступа не предоставлены. (0xc0000022)
[0306/104030.702:ERROR:exception_snapshot_win.cc(98)] thread ID 3620 not found in process
[0306/104030.737:ERROR:process_reader_win.cc(123)] NtOpenThread: {Отказ доступа} Процесс запросил доступ к объекту, однако права доступа не предоставлены. (0xc0000022)
[0306/104030.737:ERROR:exception_snapshot_win.cc(98)] thread ID 6396 not found in process
[0306/104030.796:ERROR:process_reader_win.cc(123)] NtOpenThread: {Отказ доступа} Процесс запросил доступ к объекту, однако права доступа не предоставлены. (0xc0000022)
[0306/104030.796:ERROR:exception_snapshot_win.cc(98)] thread ID 4476 not found in process
[0306/104030.834:ERROR:process_reader_win.cc(123)] NtOpenThread: {Отказ доступа} Процесс запросил доступ к объекту, однако права доступа не предоставлены. (0xc0000022)
[0306/104030.834:ERROR:exception_snapshot_win.cc(98)] thread ID 3980 not found in process
[0306/104030.859:ERROR:process_reader_win.cc(151)] SuspendThread: Отказано в доступе. (0x5)
[0306/104030.860:ERROR:process_reader_win.cc(151)] SuspendThread: Отказано в доступе. (0x5)
[0306/104030.860:ERROR:process_reader_win.cc(151)] SuspendThread: Отказано в доступе. (0x5)
[0306/104030.860:ERROR:process_reader_win.cc(123)] NtOpenThread: {Отказ доступа} Процесс запросил доступ к объекту, однако права доступа не предоставлены. (0xc0000022)
[0306/104030.860:ERROR:exception_snapshot_win.cc(98)] thread ID 6884 not found in process
[0306/105455.887:ERROR:process_reader_win.cc(123)] NtOpenThread: {Отказ доступа} Процесс запросил доступ к объекту, однако права доступа не предоставлены. (0xc0000022)
[0306/105455.888:ERROR:exception_snapshot_win.cc(98)] thread ID 7496 not found in process
[0306/105455.918:ERROR:process_reader_win.cc(123)] NtOpenThread: {Отказ доступа} Процесс запросил доступ к объекту, однако права доступа не предоставлены. (0xc0000022)
[0306/105455.918:ERROR:exception_snapshot_win.cc(98)] thread ID 5396 not found in process
[0306/105455.958:ERROR:process_reader_win.cc(123)] NtOpenThread: {Отказ доступа} Процесс запросил доступ к объекту, однако права доступа не предоставлены. (0xc0000022)
[0306/105455.959:ERROR:exception_snapshot_win.cc(98)] thread ID 7680 not found in process
[0306/105456.000:ERROR:process_reader_win.cc(151)] SuspendThread: Отказано в доступе. (0x5)
[0306/105456.000:ERROR:process_reader_win.cc(123)] NtOpenThread: {Отказ доступа} Процесс запросил доступ к объекту, однако права доступа не предоставлены. (0xc0000022)
[0306/105456.000:ERROR:exception_snapshot_win.cc(98)] thread ID 7656 not found in process
[0306/105531.502:ERROR:process_reader_win.cc(123)] NtOpenThread: {Отказ доступа} Процесс запросил доступ к объекту, однако права доступа не предоставлены. (0xc0000022)
[0306/105531.504:ERROR:exception_snapshot_win.cc(98)] thread ID 3956 not found in process
[0306/105531.535:ERROR:process_reader_win.cc(123)] NtOpenThread: {Отказ доступа} Процесс запросил доступ к объекту, однако права доступа не предоставлены. (0xc0000022)
[0306/105531.535:ERROR:exception_snapshot_win.cc(98)] thread ID 1372 not found in process
[0306/105531.601:ERROR:process_reader_win.cc(151)] SuspendThread: Отказано в доступе. (0x5)
[0306/105531.602:ERROR:process_reader_win.cc(123)] NtOpenThread: {Отказ доступа} Процесс запросил доступ к объекту, однако права доступа не предоставлены. (0xc0000022)
[0306/105531.602:ERROR:exception_snapshot_win.cc(98)] thread ID 8104 not found in process
[0306/105531.627:ERROR:process_reader_win.cc(123)] NtOpenThread: {Отказ доступа} Процесс запросил доступ к объекту, однако права доступа не предоставлены. (0xc0000022)
[0306/105531.628:ERROR:exception_snapshot_win.cc(98)] thread ID 3612 not found in process
[0306/105553.921:ERROR:process_reader_win.cc(123)] NtOpenThread: {Отказ доступа} Процесс запросил доступ к объекту, однако права доступа не предоставлены. (0xc0000022)
[0306/105553.921:ERROR:exception_snapshot_win.cc(98)] thread ID 860 not found in process
[0306/105553.953:ERROR:process_reader_win.cc(123)] NtOpenThread: {Отказ доступа} Процесс запросил доступ к объекту, однако права доступа не предоставлены. (0xc0000022)
[0306/105553.953:ERROR:exception_snapshot_win.cc(98)] thread ID 7200 not found in process
[0306/105554.041:ERROR:process_reader_win.cc(123)] NtOpenThread: {Отказ доступа} Процесс запросил доступ к объекту, однако права доступа не предоставлены. (0xc0000022)
[0306/105554.045:ERROR:exception_snapshot_win.cc(98)] thread ID 6204 not found in process
[0306/105554.088:ERROR:process_reader_win.cc(123)] NtOpenThread: {Отказ доступа} Процесс запросил доступ к объекту, однако права доступа не предоставлены. (0xc0000022)
[0306/105554.089:ERROR:exception_snapshot_win.cc(98)] thread ID 6612 not found in process
[0306/105554.124:ERROR:process_reader_win.cc(123)] NtOpenThread: {Отказ доступа} Процесс запросил доступ к объекту, однако права доступа не предоставлены. (0xc0000022)
[0306/105554.125:ERROR:exception_snapshot_win.cc(98)] thread ID 7824 not found in process
